<?xml version="1.0" encoding="UTF-8"?>
<!-- Generated by org.testng.reporters.JUnitReportReporter -->
<testsuite skipped="0" hostname="DESKTOP-NV5OIPA" name="com.crm.qa.test.ContactsPageTest" tests="4" failures="0" timestamp="10 Nov 2020 13:33:35 GMT" time="137.910" errors="0">
  <testcase name="verifyContactLabel" time="32.741" classname="com.crm.qa.test.ContactsPageTest"/>
  <testcase name="createContact" time="39.615" classname="com.crm.qa.test.ContactsPageTest"/>
  <testcase name="deleteContact" time="33.870" classname="com.crm.qa.test.ContactsPageTest"/>
  <testcase name="selectContact" time="31.684" classname="com.crm.qa.test.ContactsPageTest"/>
</testsuite> <!-- com.crm.qa.test.ContactsPageTest -->
