<?xml version="1.0" encoding="UTF-8"?>
<!-- Generated by org.testng.reporters.JUnitReportReporter -->
<testsuite skipped="0" hostname="DESKTOP-NV5OIPA" name="com.crm.qa.test.HomePageTest" tests="3" failures="0" timestamp="10 Nov 2020 13:33:35 GMT" time="87.566" errors="0">
  <testcase name="contactsLink" time="31.935" classname="com.crm.qa.test.HomePageTest"/>
  <testcase name="homePageTitle" time="27.600" classname="com.crm.qa.test.HomePageTest"/>
  <testcase name="homePageUsername" time="28.031" classname="com.crm.qa.test.HomePageTest"/>
</testsuite> <!-- com.crm.qa.test.HomePageTest -->
