<?xml version="1.0" encoding="UTF-8"?>
<!-- Generated by org.testng.reporters.JUnitReportReporter -->
<testsuite skipped="0" hostname="DESKTOP-NV5OIPA" name="com.crm.qa.test.HomePageTest" tests="3" failures="0" timestamp="11 Nov 2020 18:16:01 GMT" time="167.805" errors="0">
  <testcase name="contactsLink" time="91.344" classname="com.crm.qa.test.HomePageTest"/>
  <testcase name="homePageTitle" time="33.471" classname="com.crm.qa.test.HomePageTest"/>
  <testcase name="homePageUsername" time="42.990" classname="com.crm.qa.test.HomePageTest"/>
</testsuite> <!-- com.crm.qa.test.HomePageTest -->
