<?xml version="1.0" encoding="UTF-8"?>
<!-- Generated by org.testng.reporters.JUnitReportReporter -->
<testsuite skipped="0" hostname="DESKTOP-NV5OIPA" name="com.crm.qa.test.ContactsPageTest" tests="4" failures="0" timestamp="11 Nov 2020 17:48:09 GMT" time="198.180" errors="0">
  <testcase name="verifyContactLabel" time="41.145" classname="com.crm.qa.test.ContactsPageTest"/>
  <testcase name="createContact" time="72.444" classname="com.crm.qa.test.ContactsPageTest"/>
  <testcase name="deleteContact" time="45.860" classname="com.crm.qa.test.ContactsPageTest"/>
  <testcase name="selectContact" time="38.731" classname="com.crm.qa.test.ContactsPageTest"/>
</testsuite> <!-- com.crm.qa.test.ContactsPageTest -->
