<?xml version="1.0" encoding="UTF-8"?>
<!-- Generated by org.testng.reporters.JUnitReportReporter -->
<testsuite skipped="0" hostname="DESKTOP-NV5OIPA" name="com.crm.qa.test.LoginPageTest" tests="3" failures="0" timestamp="10 Nov 2020 13:33:35 GMT" time="68.525" errors="0">
  <testcase name="loginPageTitle" time="16.586" classname="com.crm.qa.test.LoginPageTest"/>
  <testcase name="loginTest" time="27.532" classname="com.crm.qa.test.LoginPageTest"/>
  <testcase name="validateLogo_Links" time="24.407" classname="com.crm.qa.test.LoginPageTest"/>
</testsuite> <!-- com.crm.qa.test.LoginPageTest -->
