<?xml version="1.0" encoding="UTF-8"?>
<!-- Generated by org.testng.reporters.JUnitReportReporter -->
<testsuite skipped="0" hostname="DESKTOP-NV5OIPA" name="com.crm.qa.test.HomePageTest" tests="3" failures="0" timestamp="11 Nov 2020 17:48:09 GMT" time="129.978" errors="0">
  <testcase name="contactsLink" time="33.280" classname="com.crm.qa.test.HomePageTest"/>
  <testcase name="homePageTitle" time="38.089" classname="com.crm.qa.test.HomePageTest"/>
  <testcase name="homePageUsername" time="58.609" classname="com.crm.qa.test.HomePageTest"/>
</testsuite> <!-- com.crm.qa.test.HomePageTest -->
